{"level":"info","message":{"file":"addressRoutes.js","timestamp":"2026-06-16T17:04:47.907Z","type":"route_loaded"},"service":"swag-fashion-api","timestamp":"2026-06-16T17:04:47.908Z"}
{"level":"info","message":{"file":"adminRoutes.js","timestamp":"2026-06-16T17:04:47.976Z","type":"route_loaded"},"service":"swag-fashion-api","timestamp":"2026-06-16T17:04:47.976Z"}
{"level":"info","message":{"file":"authRoutes.js","timestamp":"2026-06-16T17:04:48.355Z","type":"route_loaded"},"service":"swag-fashion-api","timestamp":"2026-06-16T17:04:48.355Z"}
{"level":"info","message":{"file":"banner.js","timestamp":"2026-06-16T17:04:48.970Z","type":"route_loaded"},"service":"swag-fashion-api","timestamp":"2026-06-16T17:04:48.970Z"}
{"level":"info","message":{"file":"cartRoutes.js","timestamp":"2026-06-16T17:04:48.987Z","type":"route_loaded"},"service":"swag-fashion-api","timestamp":"2026-06-16T17:04:48.987Z"}
{"level":"info","message":{"file":"category.routes.js","timestamp":"2026-06-16T17:04:48.992Z","type":"route_loaded"},"service":"swag-fashion-api","timestamp":"2026-06-16T17:04:48.992Z"}
{"level":"info","message":{"file":"checkout.routes.js","timestamp":"2026-06-16T17:04:49.262Z","type":"route_loaded"},"service":"swag-fashion-api","timestamp":"2026-06-16T17:04:49.262Z"}
{"level":"info","message":{"file":"exchangeRoutes.js","timestamp":"2026-06-16T17:04:49.267Z","type":"route_loaded"},"service":"swag-fashion-api","timestamp":"2026-06-16T17:04:49.267Z"}
{"level":"info","message":{"file":"OrderRoutes.js","timestamp":"2026-06-16T17:04:49.291Z","type":"route_loaded"},"service":"swag-fashion-api","timestamp":"2026-06-16T17:04:49.291Z"}
{"file":"paymentRoutes.js","level":"error","message":"Razorpay configuration error: Missing API keys","service":"swag-fashion-api","stack":"Error: Razorpay configuration error: Missing API keys\n    at Object.<anonymous> (C:\\Users\\satya\\OneDrive\\Desktop\\update_swag\\swag-fashion\\server\\config\\razorpay.js:12:9)\n    at Module._compile (node:internal/modules/cjs/loader:1706:14)\n    at Object..js (node:internal/modules/cjs/loader:1839:10)\n    at Module.load (node:internal/modules/cjs/loader:1441:32)\n    at Function._load (node:internal/modules/cjs/loader:1263:12)\n    at TracingChannel.traceSync (node:diagnostics_channel:328:14)\n    at wrapModuleLoad (node:internal/modules/cjs/loader:237:24)\n    at Module.require (node:internal/modules/cjs/loader:1463:12)\n    at require (node:internal/modules/helpers:147:16)\n    at Object.<anonymous> (C:\\Users\\satya\\OneDrive\\Desktop\\update_swag\\swag-fashion\\server\\controllers\\paymentController.js:2:18)","timestamp":"2026-06-16T17:04:49.326Z","type":"route_load_failed"}
{"level":"info","message":{"file":"pincodeRoutes.js","timestamp":"2026-06-16T17:04:49.339Z","type":"route_loaded"},"service":"swag-fashion-api","timestamp":"2026-06-16T17:04:49.339Z"}
{"level":"info","message":{"file":"productRoutes.js","timestamp":"2026-06-16T17:04:49.407Z","type":"route_loaded"},"service":"swag-fashion-api","timestamp":"2026-06-16T17:04:49.407Z"}
{"level":"info","message":{"file":"ReviewRoutes.js","timestamp":"2026-06-16T17:04:49.426Z","type":"route_loaded"},"service":"swag-fashion-api","timestamp":"2026-06-16T17:04:49.426Z"}
{"level":"info","message":{"file":"sendEmail.js","timestamp":"2026-06-16T17:04:49.430Z","type":"route_loaded"},"service":"swag-fashion-api","timestamp":"2026-06-16T17:04:49.430Z"}
{"level":"info","message":{"file":"settingRoutes.js","timestamp":"2026-06-16T17:04:49.439Z","type":"route_loaded"},"service":"swag-fashion-api","timestamp":"2026-06-16T17:04:49.439Z"}
{"level":"info","message":{"file":"state.js","timestamp":"2026-06-16T17:04:49.465Z","type":"route_loaded"},"service":"swag-fashion-api","timestamp":"2026-06-16T17:04:49.465Z"}
{"level":"info","message":{"file":"webhook.js","timestamp":"2026-06-16T17:04:49.472Z","type":"route_loaded"},"service":"swag-fashion-api","timestamp":"2026-06-16T17:04:49.472Z"}
{"level":"info","message":{"file":"wishlistRoutes.js","timestamp":"2026-06-16T17:04:49.490Z","type":"route_loaded"},"service":"swag-fashion-api","timestamp":"2026-06-16T17:04:49.491Z"}
{"level":"info","message":"Server running on PORT 5000","service":"swag-fashion-api","timestamp":"2026-06-16T17:04:49.527Z","type":"server_start"}
{"contentLength":"755","forwardedFor":null,"hasAuthHeader":false,"ip":"127.0.0.1","level":"http","message":"HTTP access","method":"GET","origin":null,"referrer":null,"requestId":"1cfefe25-ae28-48a2-83cb-12dd26e7028f","responseTimeMs":35.633,"service":"swag-fashion-api","statusCode":200,"timestamp":"2026-06-16T17:05:13.824Z","type":"http_access","url":"/api/monitoring/routes","userAgent":"curl/8.13.0","userId":null}
